[debug] [2022-12-24T17:09:26.110Z] ----------------------------------------------------------------------
[debug] [2022-12-24T17:09:26.113Z] Command:       C:\Program Files\nodejs\node.exe C:\Users\Tyler\AppData\Roaming\npm\node_modules\firebase-tools\lib\bin\firebase.js init emulators
[debug] [2022-12-24T17:09:26.114Z] CLI Version:   11.19.0
[debug] [2022-12-24T17:09:26.114Z] Platform:      win32
[debug] [2022-12-24T17:09:26.114Z] Node Version:  v16.15.0
[debug] [2022-12-24T17:09:26.116Z] Time:          Sat Dec 24 2022 10:09:26 GMT-0700 (Mountain Standard Time)
[debug] [2022-12-24T17:09:26.116Z] ----------------------------------------------------------------------
[debug] 
[debug] [2022-12-24T17:09:26.235Z] > command requires scopes: ["email","openid","https://www.googleapis.com/auth/cloudplatformprojects.readonly","https://www.googleapis.com/auth/firebase","https://www.googleapis.com/auth/cloud-platform"]
[debug] [2022-12-24T17:09:26.236Z] > authorizing via signed-in user (tylerjudson23@gmail.com)
[info] 
     ######## #### ########  ######## ########     ###     ######  ########
     ##        ##  ##     ## ##       ##     ##  ##   ##  ##       ##
     ######    ##  ########  ######   ########  #########  ######  ######
     ##        ##  ##    ##  ##       ##     ## ##     ##       ## ##
     ##       #### ##     ## ######## ########  ##     ##  ######  ########

You're about to initialize a Firebase project in this directory:

  C:\Users\Tyler\Tyler Judson\Source\Repos\Appetite

Before we get started, keep in mind:

  * You are initializing within an existing Firebase project directory

[info] 
=== Project Setup
[info] 
[info] First, let's associate this project directory with a Firebase project.
[info] You can create multiple project aliases by running firebase use --add, 
[info] but for now we'll just set up a default project.
[info] 
[debug] [2022-12-24T17:09:37.753Z] Using project from CLI flag: appetite-0
[debug] [2022-12-24T17:09:37.757Z] >>> [apiv2][query] GET https://firebase.googleapis.com/v1beta1/projects/appetite-0 [none]
[debug] [2022-12-24T17:09:38.262Z] <<< [apiv2][status] GET https://firebase.googleapis.com/v1beta1/projects/appetite-0 200
[debug] [2022-12-24T17:09:38.263Z] <<< [apiv2][body] GET https://firebase.googleapis.com/v1beta1/projects/appetite-0 {"projectId":"appetite-0","projectNumber":"942705396476","displayName":"Appetite-0","name":"projects/appetite-0","resources":{"hostingSite":"appetite-0","realtimeDatabaseInstance":"appetite-0-default-rtdb"},"state":"ACTIVE","etag":"1_4d89231c-548e-469b-9bd2-2a2e6f53bb18"}
[info] i  Using project appetite-0 (Appetite-0) 
[info] 
=== Emulators Setup
